[0mGET /fanbright [36m304 [0m25.502 ms - -[0m
[0mGET /stylesheets/style.css [36m304 [0m4.863 ms - -[0m
[0mGET /stylesheets/fanbright.css [36m304 [0m5.441 ms - -[0m
[0mGET /javascripts/showFile.js [36m304 [0m5.224 ms - -[0m
[0mGET /fanbright/show [31m500 [0m6.044 ms - 1007[0m
[0mGET /fanbright/show [31m500 [0m2.724 ms - 1007[0m
[0mGET /stylesheets/fanbright.css [36m304 [0m1.355 ms - -[0m
[0mGET /stylesheets/style.css [36m304 [0m1.471 ms - -[0m
[0mGET /fanbright [32m200 [0m2.112 ms - 1708[0m
[0mGET /stylesheets/style.css [32m200 [0m6.964 ms - 129[0m
[0mGET /stylesheets/fanbright.css [32m200 [0m9.143 ms - 54[0m
[0mGET /javascripts/showFile.js [32m200 [0m1.468 ms - 1789[0m
[0mGET /favicon.ico [33m404 [0m8.920 ms - 956[0m
[0mGET /favicon.ico [33m404 [0m2.570 ms - 956[0m
[0mGET /fanbright/show [31m500 [0m2.715 ms - 1007[0m
[0mGET /fanbright [36m304 [0m2.202 ms - -[0m
[0mGET /stylesheets/style.css [36m304 [0m1.070 ms - -[0m
[0mGET /stylesheets/fanbright.css [36m304 [0m1.864 ms - -[0m
[0mGET /javascripts/showFile.js [36m304 [0m0.305 ms - -[0m
[0mGET /fanbright/show [31m500 [0m2.016 ms - 1007[0m
[0mGET /fanbright/show [31m500 [0m2.711 ms - 1007[0m
